--> Deploying template "dpgwdev/3scale-gateway" for "./apicast-ub-2.6.yml" to project dpgwdev

     3scale APIcast API Gateway
     ---------
     3scale's APIcast is an NGINX based API gateway used to integrate your internal and external  API services with 3scale's API Management Platform. It supports OpenID connect to integrate  with external Identity Providers such as Red Hat Single Sign On, for API traffic authentication 

     * With parameters:
        * AMP_RELEASE=2.6.0
        * AMP_APICAST_IMAGE=registry.paas-test.eubrmb.com:5000/3scale-amp26/apicast-gateway
        * CONFIGURATION_URL_SECRET=apicast-configuration-url-secret
        * CONFIGURATION_FILE_PATH=
        * DEPLOYMENT_ENVIRONMENT=staging
        * APICAST_NAME=dpgw01dev-staging
        * RESOLVER=
        * SERVICES_LIST=
        * CONFIGURATION_LOADER=lazy
        * LOG_LEVEL=
        * PATH_ROUTING=true
        * RESPONSE_CODES=false
        * CONFIGURATION_CACHE=0
        * REDIS_URL=
        * MANAGEMENT_API=status
        * OPENSSL_VERIFY=false

--> Creating resources ...
    deploymentconfig.apps.openshift.io "dpgw01dev-staging" created
    service "dpgw01dev-staging" created
--> Success
    Application is not exposed. You can expose services to the outside world by executing one or more of the commands below:
     'oc expose svc/dpgw01dev-staging' 
    Run 'oc status' to view your app.
--> Deploying template "dpgwdev/3scale-gateway" for "./apicast-ub-2.6.yml" to project dpgwdev

     3scale APIcast API Gateway
     ---------
     3scale's APIcast is an NGINX based API gateway used to integrate your internal and external  API services with 3scale's API Management Platform. It supports OpenID connect to integrate  with external Identity Providers such as Red Hat Single Sign On, for API traffic authentication 

     * With parameters:
        * AMP_RELEASE=2.6.0
        * AMP_APICAST_IMAGE=registry.paas-test.eubrmb.com:5000/3scale-amp26/apicast-gateway
        * CONFIGURATION_URL_SECRET=apicast-configuration-url-secret
        * CONFIGURATION_FILE_PATH=
        * DEPLOYMENT_ENVIRONMENT=production
        * APICAST_NAME=dpgw01dev-production
        * RESOLVER=
        * SERVICES_LIST=
        * CONFIGURATION_LOADER=boot
        * LOG_LEVEL=
        * PATH_ROUTING=true
        * RESPONSE_CODES=false
        * CONFIGURATION_CACHE=300
        * REDIS_URL=
        * MANAGEMENT_API=status
        * OPENSSL_VERIFY=false

--> Creating resources ...
    deploymentconfig.apps.openshift.io "dpgw01dev-production" created
    service "dpgw01dev-production" created
--> Success
    Application is not exposed. You can expose services to the outside world by executing one or more of the commands below:
     'oc expose svc/dpgw01dev-production' 
    Run 'oc status' to view your app.
