--> Deploying template "apim/3scale-api-management" for "./amp-ub-2.6.yml" to project apim

     3scale API Management
     ---------
     3scale API Management main system

     Login on https://api-sandbox-admin.dp.paas-test.eubrmb.com as admin/wlh7dd3p

     * With parameters:
        * AMP_RELEASE=2.6
        * APP_LABEL=3scale-api-management
        * TENANT_NAME=api-sandbox
        * RWX_STORAGE_CLASS=null
        * AMP_BACKEND_IMAGE=registry.paas-test.eubrmb.com:5000/3scale-amp26/backend
        * AMP_ZYNC_IMAGE=registry.paas-test.eubrmb.com:5000/3scale-amp26/zync
        * AMP_APICAST_IMAGE=registry.paas-test.eubrmb.com:5000/3scale-amp26/apicast-gateway
        * AMP_SYSTEM_IMAGE=registry.paas-test.eubrmb.com:5000/3scale-amp26/system
        * ZYNC_DATABASE_IMAGE=registry.paas-test.eubrmb.com:5000/rhscl/postgresql-10-rhel7
        * MEMCACHED_IMAGE=registry.paas-test.eubrmb.com:5000/3scale-amp20/memcached
        * IMAGESTREAM_TAG_IMPORT_INSECURE=false
        * SYSTEM_DATABASE_IMAGE=registry.paas-test.eubrmb.com:5000/rhscl/mysql-57-rhel7:5.7
        * REDIS_IMAGE=registry.paas-test.eubrmb.com:5000/rhscl/redis-32-rhel7:3.2
        * System MySQL User=mysql
        * System MySQL Password=yi2u6erw # generated
        * System MySQL Database Name=system
        * System MySQL Root password.=7atf1frw # generated
        * WILDCARD_DOMAIN=dp.paas-test.eubrmb.com
        * SYSTEM_BACKEND_USERNAME=3scale_api_user
        * SYSTEM_BACKEND_PASSWORD=1x8f12sy # generated
        * SYSTEM_BACKEND_SHARED_SECRET=b1tw4otx # generated
        * SYSTEM_APP_SECRET_KEY_BASE=0a652a74cb15ccd1678b062802c3772ad4e075337c55db167b7ddee38c3741746504a888aad4a1381e5a44a2e8255d75ca21de667c137b4ee664d22b1bd6226a # generated
        * ADMIN_PASSWORD=wlh7dd3p # generated
        * ADMIN_USERNAME=admin
        * ADMIN_EMAIL=
        * ADMIN_ACCESS_TOKEN=0dp37fq0kl8nr5sa # generated
        * MASTER_NAME=api-master
        * MASTER_USER=master
        * MASTER_PASSWORD=2uit2d7i # generated
        * MASTER_ACCESS_TOKEN=u3mbdlot # generated
        * RECAPTCHA_PUBLIC_KEY=
        * RECAPTCHA_PRIVATE_KEY=
        * SYSTEM_REDIS_URL=redis://system-redis:6379/1
        * SYSTEM_MESSAGE_BUS_REDIS_URL=
        * SYSTEM_REDIS_NAMESPACE=
        * SYSTEM_MESSAGE_BUS_REDIS_NAMESPACE=
        * Zync Database PostgreSQL Connection Password=HKjkxjdE4UCi84mN # generated
        * ZYNC_SECRET_KEY_BASE=Hu0Bs6JwqWTHFaiC # generated
        * ZYNC_AUTHENTICATION_TOKEN=hupBJsMCXI543imC # generated
        * APICAST_ACCESS_TOKEN=07qhy7go # generated
        * APICAST_MANAGEMENT_API=status
        * APICAST_OPENSSL_VERIFY=false
        * APICAST_RESPONSE_CODES=true
        * APICAST_REGISTRY_URL=http://apicast-staging:8090/policies

--> Creating resources ...
    imagestream.image.openshift.io "amp-backend" created
    imagestream.image.openshift.io "amp-zync" created
    imagestream.image.openshift.io "amp-apicast" created
    imagestream.image.openshift.io "amp-system" created
    imagestream.image.openshift.io "zync-database-postgresql" created
    imagestream.image.openshift.io "backend-redis" created
    imagestream.image.openshift.io "system-redis" created
    imagestream.image.openshift.io "system-memcached" created
    serviceaccount "amp" created
    imagestream.image.openshift.io "system-mysql" created
    deploymentconfig.apps.openshift.io "backend-redis" created
    service "backend-redis" created
    configmap "redis-config" created
    persistentvolumeclaim "backend-redis-storage" created
    deploymentconfig.apps.openshift.io "system-redis" created
    persistentvolumeclaim "system-redis-storage" created
    deploymentconfig.apps.openshift.io "backend-cron" created
    deploymentconfig.apps.openshift.io "backend-listener" created
    service "backend-listener" created
    route.route.openshift.io "backend" created
    deploymentconfig.apps.openshift.io "backend-worker" created
    configmap "backend-environment" created
    secret "backend-internal-api" created
    secret "backend-redis" created
    secret "backend-listener" created
    deploymentconfig.apps.openshift.io "system-mysql" created
    service "system-mysql" created
    configmap "mysql-main-conf" created
    configmap "mysql-extra-conf" created
    persistentvolumeclaim "mysql-storage" created
    secret "system-database" created
    deploymentconfig.apps.openshift.io "system-memcache" created
    persistentvolumeclaim "system-storage" created
    service "system-provider" created
    service "system-master" created
    service "system-developer" created
    service "system-redis" created
    service "system-sphinx" created
    service "system-memcache" created
    configmap "system" created
    configmap "smtp" created
    configmap "system-environment" created
    deploymentconfig.apps.openshift.io "system-app" created
    deploymentconfig.apps.openshift.io "system-sidekiq" created
    deploymentconfig.apps.openshift.io "system-sphinx" created
    secret "system-events-hook" created
    secret "system-redis" created
    secret "system-master-apicast" created
    secret "system-seed" created
    secret "system-recaptcha" created
    secret "system-app" created
    secret "system-memcache" created
    role.rbac.authorization.k8s.io "zync-que-role" created
    serviceaccount "zync-que-sa" created
    rolebinding.rbac.authorization.k8s.io "zync-que-rolebinding" created
    deploymentconfig.apps.openshift.io "zync" created
    deploymentconfig.apps.openshift.io "zync-que" created
    deploymentconfig.apps.openshift.io "zync-database" created
    service "zync" created
    service "zync-database" created
    secret "zync" created
    deploymentconfig.apps.openshift.io "apicast-staging" created
    deploymentconfig.apps.openshift.io "apicast-production" created
    service "apicast-staging" created
    service "apicast-production" created
    configmap "apicast-environment" created
--> Success
    Access your application via route 'backend-api-sandbox.dp.paas-test.eubrmb.com' 
    Run 'oc status' to view your app.
